program parsed correctly.
2:5 ***ERROR*** Multiply declared identifier
3:6 ***ERROR*** Multiply declared identifier
4:6 ***ERROR*** Non-Function declared void
4:6 ***ERROR*** Multiply declared identifier
5:17 ***ERROR*** Invalid name of struct type
5:17 ***ERROR*** Multiply decalred identifier
6:6 ***ERROR*** Multiply declared identifier
7:8 ***ERROR*** Multiply declared identifier
11:5 ***ERROR*** Multiply declared identifier
11:19 ***ERROR*** Multiply declared identifier
12:5 ***ERROR*** Multiply declared identifier
12:19 ***ERROR*** Multiply declared identifier
13:5 ***ERROR*** Multiply declared identifier
14:22 ***ERROR*** Multiply declared identifier
15:5 ***ERROR*** Multiply declared identifier
16:9 ***ERROR*** Multiply declared identifier
17:9 ***ERROR*** Multiply declared identifier
19:10 ***ERROR*** Multiply declared identifier
20:10 ***ERROR*** Non-Function declared void
20:10 ***ERROR*** Multiply declared identifier
21:10 ***ERROR*** Non-Function declared void
21:10 ***ERROR*** Multiply declared identifier
24:5 ***ERROR*** Undeclared identifer
25:9 ***ERROR*** Undeclared identifer
26:5 ***ERROR*** Undeclared identifer
26:16 ***ERROR*** Undeclared identifer
27:5 ***ERROR*** Undeclared identifer
27:16 ***ERROR*** Undeclared identifer
27:27 ***ERROR*** Undeclared identifer
27:38 ***ERROR*** Undeclared identifer
29:5 ***ERROR*** Undeclared identifer
30:5 ***ERROR*** Undeclared identifer
30:19 ***ERROR*** Undeclared identifer
30:29 ***ERROR*** Undeclared identifer
31:5 ***ERROR*** Undeclared identifer
31:15 ***ERROR*** Undeclared identifer
31:29 ***ERROR*** Undeclared identifer
31:39 ***ERROR*** Undeclared identifer
31:49 ***ERROR*** Undeclared identifer
36:10 ***ERROR*** Multiply declared identifier
37:10 ***ERROR*** Non-Function declared void
37:10 ***ERROR*** Multiply declared identifier
38:10 ***ERROR*** Non-Function declared void
60:9 ***ERROR*** Multiply declared identifier
62:5 ***ERROR*** Undeclared identifer
63:15 ***ERROR*** Invalid struct field name
64:15 ***ERROR*** Invalid struct field name
65:5 ***ERROR*** Undeclared identifer
65:11 ***ERROR*** Dot-access of non-struct type
66:11 ***ERROR*** Dot-access of non-struct type
68:5 ***ERROR*** Undeclared identifer
68:9 ***ERROR*** Undeclared identifer
71:25 ***ERROR*** Invalid name of struct type
72:20 ***ERROR*** Invalid name of struct type
72:20 ***ERROR*** Multiply decalred identifier
