22:1 ***ERROR*** ignoring illegal character: \
8:3 ***ERROR*** ignoring illegal character: $
8:4 ***ERROR*** ignoring illegal character: %
8:5 ***ERROR*** ignoring illegal character: #
6:1 ***WARNING*** integer literal too large; using max value
7:1 ***WARNING*** integer literal too large; using max value
6:1 ***ERROR*** unterminated string literal ignored
8:1 ***ERROR*** unterminated string literal ignored
9:1 ***ERROR*** unterminated string literal with bad escaped character ignored
10:2 ***ERROR*** unterminated string literal with bad escaped character ignored
11:2 ***ERROR*** unterminated string literal with bad escaped character ignored
13:1 ***ERROR*** string literal with bad escaped character ignored
14:1 ***ERROR*** unterminated string literal with bad escaped character ignored
15:1 ***ERROR*** unterminated string literal with bad escaped character ignored
16:1 ***ERROR*** unterminated string literal with bad escaped character ignored
17:1 ***ERROR*** unterminated string literal with bad escaped character ignored
18:1 ***ERROR*** unterminated string literal with bad escaped character ignored
19:1 ***ERROR*** unterminated string literal with bad escaped character ignored
20:16 ***ERROR*** unterminated string literal with bad escaped character ignored
23:1 ***ERROR*** string literal with bad escaped character ignored
23:36 ***ERROR*** unterminated string literal ignored
24:28 ***ERROR*** unterminated string literal ignored
26:5 ***ERROR*** unterminated string literal ignored
1:1 ***ERROR*** unterminated string literal ignored
1:1 ***ERROR*** string literal with bad escaped character ignored
